<?xml version="1.0" encoding="UTF-8" standalone="no"?><testsuite errors="0" failures="0" name="Registrar un nuevo usuario en la aplicación" skipped="7" tests="7" time="0.41" timestamp="2025-06-27 05:45:34"><testcase name="Registro exitoso de un nuevo usuario"><skipped/></testcase><testcase name="Registro fallido por correo electrónico ya registrado"><skipped/></testcase><testcase name="Validacion de contraseñas diferentes"><skipped/></testcase><testcase name="Validacion de reglas de contraseña"><skipped/></testcase></testsuite>